<?xml version="1.0" encoding="UTF-8"?>
<!-- Generated by org.testng.reporters.JUnitReportReporter -->
<testsuite skipped="0" hostname="DEL1-LHP-N01072" name="com.tests.ParametrizedTest" tests="4" failures="0" timestamp="09 Jun 2018 16:52:38 GMT" time="0.015" errors="0">
  <testcase name="parametrizedTestMultiValue" time="0.000" classname="com.tests.ParametrizedTest"/>
  <testcase name="parametrizedTestMultiValue" time="0.000" classname="com.tests.ParametrizedTest"/>
  <testcase name="parametrizedTestMultiValue" time="0.000" classname="com.tests.ParametrizedTest"/>
  <testcase name="parametrizedTest" time="0.015" classname="com.tests.ParametrizedTest"/>
</testsuite> <!-- com.tests.ParametrizedTest -->
