<?xml version="1.0" encoding="UTF-8"?>
<!-- Generated by org.testng.reporters.JUnitReportReporter -->
<testsuite skipped="0" hostname="DEL1-LHP-N01072" name="com.tests.SeleniumNewTab" tests="1" failures="0" timestamp="29 May 2018 08:27:44 GMT" time="0.725" errors="0">
  <testcase name="VerifyUserIsAbleToLogin" time="0.725" classname="com.tests.SeleniumNewTab"/>
</testsuite> <!-- com.tests.SeleniumNewTab -->
