<?xml version="1.0" encoding="UTF-8"?>
<!-- Generated by org.testng.reporters.JUnitReportReporter -->
<testsuite skipped="0" hostname="DEL1-LHP-N01072" name="com.tests.ReadPropertiesFile" tests="1" failures="0" timestamp="29 May 2018 10:18:03 GMT" time="0.016" errors="0">
  <testcase name="readPropertiesUsingFileInputStream" time="0.016" classname="com.tests.ReadPropertiesFile"/>
</testsuite> <!-- com.tests.ReadPropertiesFile -->
