<?xml version="1.0" encoding="UTF-8"?>
<!-- Generated by org.testng.reporters.JUnitReportReporter -->
<testsuite skipped="2" hostname="DEL1-LHP-N01072" name="com.tests.MixImplicitExplicitWait" tests="3" failures="0" timestamp="04 Jun 2018 12:53:41 GMT" time="37.544" errors="0">
  <testcase name="mixImplicitExplicitWaitNotFoundTest2" time="37.544" classname="com.tests.MixImplicitExplicitWait"/>
  <testcase name="mixImplicitExplicitWaitNotFound" classname="com.tests.MixImplicitExplicitWait">
    <skipped/>
  </testcase> <!-- mixImplicitExplicitWaitNotFound -->
  <testcase name="mixImplicitExplicitWaitImmediateFound" classname="com.tests.MixImplicitExplicitWait">
    <skipped/>
  </testcase> <!-- mixImplicitExplicitWaitImmediateFound -->
</testsuite> <!-- com.tests.MixImplicitExplicitWait -->
