<?xml version="1.0" encoding="UTF-8"?>
<!-- Generated by org.testng.reporters.JUnitReportReporter -->
<testsuite skipped="0" hostname="DEL1-LHP-N01072" name="com.tests.Guru99LoginTest" tests="1" failures="0" timestamp="26 Apr 2018 06:04:19 GMT" time="33.864" errors="0">
  <testcase name="VerifyUserIsAbleToLogin" time="33.864" classname="com.tests.Guru99LoginTest"/>
</testsuite> <!-- com.tests.Guru99LoginTest -->
