<?xml version="1.0" encoding="UTF-8"?>
<!-- Generated by org.testng.reporters.JUnitReportReporter -->
<testsuite skipped="0" hostname="DEL1-LHP-N01072" name="com.tests.AbstractClass" tests="1" failures="0" timestamp="06 Jun 2018 07:05:39 GMT" time="0.011" errors="0">
  <testcase name="test" time="0.011" classname="com.tests.AbstractClass"/>
</testsuite> <!-- com.tests.AbstractClass -->
