<?xml version="1.0" encoding="UTF-8"?>
<!-- Generated by org.testng.reporters.JUnitReportReporter -->
<testsuite skipped="1" hostname="DEL1-LHP-N01072" name="com.tests.TestNGXMLTest2" tests="3" failures="0" timestamp="06 Jun 2018 09:41:47 GMT" time="0.016" errors="0">
  <testcase name="testd" time="0.002" classname="com.tests.TestNGXMLTest2"/>
  <testcase name="teste" time="0.002" classname="com.tests.TestNGXMLTest2"/>
  <testcase name="testa" time="0.012" classname="com.tests.TestNGXMLTest2">
    <skipped/>
  </testcase> <!-- testa -->
</testsuite> <!-- com.tests.TestNGXMLTest2 -->
