<?xml version="1.0" encoding="UTF-8"?>
<!-- Generated by org.testng.reporters.JUnitReportReporter -->
<testsuite skipped="0" hostname="DEL1-LHP-N01072" name="com.tests.AttachingExistingBrowser" tests="1" failures="0" timestamp="22 May 2018 12:54:03 GMT" time="9.287" errors="0">
  <testcase name="VerifyUserIsAbleToLogin" time="9.287" classname="com.tests.AttachingExistingBrowser"/>
</testsuite> <!-- com.tests.AttachingExistingBrowser -->
