<?xml version="1.0" encoding="UTF-8"?>
<!-- Generated by org.testng.reporters.JUnitReportReporter -->
<testsuite skipped="0" hostname="DEL1-LHP-N01072" name="com.tests.TestNGXMLTest3" tests="2" failures="0" timestamp="31 May 2018 08:55:04 GMT" time="0.004" errors="0">
  <testcase name="testg" time="0.002" classname="com.tests.TestNGXMLTest3"/>
  <testcase name="testh" time="0.002" classname="com.tests.TestNGXMLTest3"/>
</testsuite> <!-- com.tests.TestNGXMLTest3 -->
