<?xml version="1.0" encoding="UTF-8"?>
<!-- Generated by org.testng.reporters.JUnitReportReporter -->
<testsuite skipped="0" hostname="DEL1-LHP-N01072" name="com.tests.TestNGXMLTest1" tests="4" failures="0" timestamp="31 May 2018 08:55:04 GMT" time="0.018" errors="0">
  <testcase name="testb" time="0.001" classname="com.tests.TestNGXMLTest1"/>
  <testcase name="testc" time="0.003" classname="com.tests.TestNGXMLTest1"/>
  <testcase name="testa" time="0.012" classname="com.tests.TestNGXMLTest1"/>
  <testcase name="testf" time="0.002" classname="com.tests.TestNGXMLTest1"/>
</testsuite> <!-- com.tests.TestNGXMLTest1 -->
