<?xml version="1.0" encoding="UTF-8"?>
<!-- Generated by org.testng.reporters.JUnitReportReporter -->
<testsuite skipped="0" hostname="DEL1-LHP-N01072" name="com.pages.SeleniumGuru99Login" tests="1" failures="0" timestamp="12 Apr 2018 01:52:30 GMT" time="0.003" errors="0">
  <testcase name="VerifyUserIsAbleToLoginPage" time="0.003" classname="com.pages.SeleniumGuru99Login"/>
</testsuite> <!-- com.pages.SeleniumGuru99Login -->
